This is pdfTeX, Version 3.141592653-2.6-1.40.24 (MiKTeX 22.10) (preloaded format=pdflatex 2022.11.5)  5 DEC 2022 22:01
entering extended mode
 restricted \write18 enabled.
 %&-line parsing enabled.
**./learning.tex
(learning.tex
LaTeX2e <2022-06-01> patch level 5
L3 programming layer <2022-09-28>
(C:\Users\omar sharif\AppData\Local\Programs\MiKTeX\tex/latex/base\article.cls
Document Class: article 2021/10/04 v1.4n Standard LaTeX document class
(C:\Users\omar sharif\AppData\Local\Programs\MiKTeX\tex/latex/base\size10.clo
File: size10.clo 2021/10/04 v1.4n Standard LaTeX file (size option)
)
\c@part=\count185
\c@section=\count186
\c@subsection=\count187
\c@subsubsection=\count188
\c@paragraph=\count189
\c@subparagraph=\count190
\c@figure=\count191
\c@table=\count192
\abovecaptionskip=\skip47
\belowcaptionskip=\skip48
\bibindent=\dimen138
)
(C:\Users\omar sharif\AppData\Local\Programs\MiKTeX\tex/latex/l3packages/xfrac\
xfrac.sty
(C:\Users\omar sharif\AppData\Local\Programs\MiKTeX\tex/latex/l3kernel\expl3.st
y
Package: expl3 2022-09-28 L3 programming layer (loader) 

(C:\Users\omar sharif\AppData\Local\Programs\MiKTeX\tex/latex/l3backend\l3backe
nd-pdftex.def
File: l3backend-pdftex.def 2022-09-28 L3 backend support: PDF output (pdfTeX)
\l__color_backend_stack_int=\count193
\l__pdf_internal_box=\box51
))
(C:\Users\omar sharif\AppData\Local\Programs\MiKTeX\tex/latex/amsmath\amstext.s
ty
Package: amstext 2021/08/26 v2.01 AMS text

(C:\Users\omar sharif\AppData\Local\Programs\MiKTeX\tex/latex/amsmath\amsgen.st
y
File: amsgen.sty 1999/11/30 v2.0 generic functions
\@emptytoks=\toks16
\ex@=\dimen139
))
(C:\Users\omar sharif\AppData\Local\Programs\MiKTeX\tex/latex/graphics\graphicx
.sty
Package: graphicx 2021/09/16 v1.2d Enhanced LaTeX Graphics (DPC,SPQR)

(C:\Users\omar sharif\AppData\Local\Programs\MiKTeX\tex/latex/graphics\keyval.s
ty
Package: keyval 2022/05/29 v1.15 key=value parser (DPC)
\KV@toks@=\toks17
)
(C:\Users\omar sharif\AppData\Local\Programs\MiKTeX\tex/latex/graphics\graphics
.sty
Package: graphics 2022/03/10 v1.4e Standard LaTeX Graphics (DPC,SPQR)

(C:\Users\omar sharif\AppData\Local\Programs\MiKTeX\tex/latex/graphics\trig.sty
Package: trig 2021/08/11 v1.11 sin cos tan (DPC)
)
(C:\Users\omar sharif\AppData\Local\Programs\MiKTeX\tex/latex/graphics-cfg\grap
hics.cfg
File: graphics.cfg 2016/06/04 v1.11 sample graphics configuration
)
Package graphics Info: Driver file: pdftex.def on input line 107.

(C:\Users\omar sharif\AppData\Local\Programs\MiKTeX\tex/latex/graphics-def\pdft
ex.def
File: pdftex.def 2022/09/22 v1.2b Graphics/color driver for pdftex
\stockwidth=\dimen140
\stockheight=\dimen141
))
\Gin@req@height=\dimen142
\Gin@req@width=\dimen143
)
(C:\Users\omar sharif\AppData\Local\Programs\MiKTeX\tex/latex/l3packages/l3keys
2e\l3keys2e.sty
Package: l3keys2e 2022-06-22 LaTeX2e option processing using LaTeX3 keys
)
(C:\Users\omar sharif\AppData\Local\Programs\MiKTeX\tex/latex/base\textcomp.sty
Package: textcomp 2020/02/02 v2.0n Standard LaTeX package
)
(C:\Users\omar sharif\AppData\Local\Programs\MiKTeX\tex/latex/l3packages/xparse
\xparse.sty
Package: xparse 2022-06-22 L3 Experimental document command parser
)
(C:\Users\omar sharif\AppData\Local\Programs\MiKTeX\tex/latex/l3packages/xtempl
ate\xtemplate.sty
Package: xtemplate 2022-06-22 L3 Experimental prototype document functions
\l__xtemplate_tmp_dim=\dimen144
\l__xtemplate_tmp_int=\count194
\l__xtemplate_tmp_muskip=\muskip16
\l__xtemplate_tmp_skip=\skip49
)
Package: xfrac 2022-06-22 L3 Experimental split-level fractions
\l__xfrac_slash_box=\box52
\l__xfrac_tmp_box=\box53
\l__xfrac_denominator_bot_sep_dim=\dimen145
\l__xfrac_numerator_bot_sep_dim=\dimen146
\l__xfrac_numerator_top_sep_dim=\dimen147
\l__xfrac_slash_left_sep_dim=\dimen148
\l__xfrac_slash_right_sep_dim=\dimen149
\l__xfrac_slash_left_muskip=\muskip17
\l__xfrac_slash_right_muskip=\muskip18

Package xtemplate Info: Declaring object type 'xfrac' taking 3 argument(s) on
(xtemplate)             line 80.

)
(C:\Users\omar sharif\AppData\Local\Programs\MiKTeX\tex/latex/xcolor\xcolor.sty
Package: xcolor 2022/06/12 v2.14 LaTeX color extensions (UK)

(C:\Users\omar sharif\AppData\Local\Programs\MiKTeX\tex/latex/graphics-cfg\colo
r.cfg
File: color.cfg 2016/01/02 v1.6 sample color configuration
)
Package xcolor Info: Driver file: pdftex.def on input line 227.

(C:\Users\omar sharif\AppData\Local\Programs\MiKTeX\tex/latex/graphics\mathcolo
r.ltx)
Package xcolor Info: Model `cmy' substituted by `cmy0' on input line 1353.
Package xcolor Info: Model `hsb' substituted by `rgb' on input line 1357.
Package xcolor Info: Model `RGB' extended on input line 1369.
Package xcolor Info: Model `HTML' substituted by `rgb' on input line 1371.
Package xcolor Info: Model `Hsb' substituted by `hsb' on input line 1372.
Package xcolor Info: Model `tHsb' substituted by `hsb' on input line 1373.
Package xcolor Info: Model `HSB' substituted by `hsb' on input line 1374.
Package xcolor Info: Model `Gray' substituted by `gray' on input line 1375.
Package xcolor Info: Model `wave' substituted by `hsb' on input line 1376.
) (learning.aux)
\openout1 = `learning.aux'.

LaTeX Font Info:    Checking defaults for OML/cmm/m/it on input line 6.
LaTeX Font Info:    ... okay on input line 6.
LaTeX Font Info:    Checking defaults for OMS/cmsy/m/n on input line 6.
LaTeX Font Info:    ... okay on input line 6.
LaTeX Font Info:    Checking defaults for OT1/cmr/m/n on input line 6.
LaTeX Font Info:    ... okay on input line 6.
LaTeX Font Info:    Checking defaults for T1/cmr/m/n on input line 6.
LaTeX Font Info:    ... okay on input line 6.
LaTeX Font Info:    Checking defaults for TS1/cmr/m/n on input line 6.
LaTeX Font Info:    ... okay on input line 6.
LaTeX Font Info:    Checking defaults for OMX/cmex/m/n on input line 6.
LaTeX Font Info:    ... okay on input line 6.
LaTeX Font Info:    Checking defaults for U/cmr/m/n on input line 6.
LaTeX Font Info:    ... okay on input line 6.

(C:\Users\omar sharif\AppData\Local\Programs\MiKTeX\tex/context/base/mkii\supp-
pdf.mkii
[Loading MPS to PDF converter (version 2006.09.02).]
\scratchcounter=\count195
\scratchdimen=\dimen150
\scratchbox=\box54
\nofMPsegments=\count196
\nofMParguments=\count197
\everyMPshowfont=\toks18
\MPscratchCnt=\count198
\MPscratchDim=\dimen151
\MPnumerator=\count199
\makeMPintoPDFobject=\count266
\everyMPtoPDFconversion=\toks19
)
(C:\Users\omar sharif\AppData\Local\Programs\MiKTeX\tex/latex/epstopdf-pkg\epst
opdf-base.sty
Package: epstopdf-base 2020-01-24 v2.11 Base part for package epstopdf
Package epstopdf-base Info: Redefining graphics rule for `.eps' on input line 4
85.

(C:\Users\omar sharif\AppData\Local\Programs\MiKTeX\tex/latex/00miktex\epstopdf
-sys.cfg
File: epstopdf-sys.cfg 2021/03/18 v2.0 Configuration of epstopdf for MiKTeX
))
LaTeX Font Info:    External font `cmex10' loaded for size
(Font)              <20.74> on input line 12.
LaTeX Font Info:    External font `cmex10' loaded for size
(Font)              <14.4> on input line 12.
LaTeX Font Info:    External font `cmex10' loaded for size
(Font)              <12> on input line 12.
LaTeX Font Info:    External font `cmex10' loaded for size
(Font)              <7> on input line 19.
LaTeX Font Info:    External font `cmex10' loaded for size
(Font)              <5> on input line 19.
 [1

{C:/Users/omar sharif/AppData/Local/MiKTeX/fonts/map/pdftex/pdftex.map}]
<smile.png, id=15, 399.4925pt x 266.9975pt>
File: smile.png Graphic file (type png)
<use smile.png>
Package pdftex.def Info: smile.png  used on input line 78.
(pdftex.def)             Requested size: 34.5021pt x 23.05911pt.
File: smile.png Graphic file (type png)
<use smile.png>
Package pdftex.def Info: smile.png  used on input line 79.
(pdftex.def)             Requested size: 34.5021pt x 23.05911pt.
File: smile.png Graphic file (type png)
<use smile.png>
Package pdftex.def Info: smile.png  used on input line 81.
(pdftex.def)             Requested size: 34.5021pt x 23.05911pt.
File: smile.png Graphic file (type png)
<use smile.png>
Package pdftex.def Info: smile.png  used on input line 82.
(pdftex.def)             Requested size: 34.5021pt x 23.05911pt.
<cse.png, id=16, 189.70876pt x 268.00125pt>
File: cse.png Graphic file (type png)
<use cse.png>
Package pdftex.def Info: cse.png  used on input line 91.
(pdftex.def)             Requested size: 18.97198pt x 26.80168pt.
 [2 <./smile.png> <./cse.png>] (learning.aux) ) 
Here is how much of TeX's memory you used:
 2475 strings out of 475385
 48667 string characters out of 2774039
 403499 words of memory out of 3000000
 23857 multiletter control sequences out of 15000+600000
 473950 words of font info for 43 fonts, out of 8000000 for 9000
 1141 hyphenation exceptions out of 8191
 70i,7n,76p,710b,525s stack positions out of 10000i,1000n,20000p,200000b,80000s
 <C:\Users\omar sharif\AppData\L
ocal\MiKTeX\fonts/pk/ljfour/jknappen/ec/dpi600\tcrm1000.pk><C:/Users/omar shari
f/AppData/Local/Programs/MiKTeX/fonts/type1/public/amsfonts/cm/cmbx10.pfb><C:/U
sers/omar sharif/AppData/Local/Programs/MiKTeX/fonts/type1/public/amsfonts/cm/c
mbx12.pfb><C:/Users/omar sharif/AppData/Local/Programs/MiKTeX/fonts/type1/publi
c/amsfonts/cm/cmmi10.pfb><C:/Users/omar sharif/AppData/Local/Programs/MiKTeX/fo
nts/type1/public/amsfonts/cm/cmmi7.pfb><C:/Users/omar sharif/AppData/Local/Prog
rams/MiKTeX/fonts/type1/public/amsfonts/cm/cmr10.pfb><C:/Users/omar sharif/AppD
ata/Local/Programs/MiKTeX/fonts/type1/public/amsfonts/cm/cmr12.pfb><C:/Users/om
ar sharif/AppData/Local/Programs/MiKTeX/fonts/type1/public/amsfonts/cm/cmr7.pfb
><C:/Users/omar sharif/AppData/Local/Programs/MiKTeX/fonts/type1/public/amsfont
s/cm/cmsy10.pfb><C:/Users/omar sharif/AppData/Local/Programs/MiKTeX/fonts/type1
/public/amsfonts/cm/cmti12.pfb>
Output written on learning.pdf (2 pages, 141294 bytes).
PDF statistics:
 63 PDF objects out of 1000 (max. 8388607)
 0 named destinations out of 1000 (max. 500000)
 11 words of extra memory for PDF output out of 10000 (max. 10000000)

